[32minfo[39m: Connecting to MongoDB host: ****@cluster0.vn6ne8w.mongodb.net {"timestamp":"2026-02-02T12:15:12.745Z"}
[32minfo[39m: MongoDB Connected: ac-npbwtry-shard-00-02.vn6ne8w.mongodb.net {"timestamp":"2026-02-02T12:15:14.160Z"}
[32minfo[39m: Database indexes created successfully {"timestamp":"2026-02-02T12:15:14.871Z"}
[32minfo[39m: Email sent successfully to mburuenock13@gmail.com {"timestamp":"2026-02-02T12:15:17.113Z"}
[32minfo[39m: Connecting to MongoDB host: ****@cluster0.vn6ne8w.mongodb.net {"timestamp":"2026-02-02T13:06:20.723Z"}
[32minfo[39m: MongoDB Connected: ac-npbwtry-shard-00-02.vn6ne8w.mongodb.net {"timestamp":"2026-02-02T13:06:21.987Z"}
[32minfo[39m: Database indexes created successfully {"timestamp":"2026-02-02T13:06:22.808Z"}
[32minfo[39m: Email sent successfully to makoriseth1237@gmail.com {"timestamp":"2026-02-02T13:06:25.120Z"}
[32minfo[39m: Connecting to MongoDB host: ****@cluster0.vn6ne8w.mongodb.net {"timestamp":"2026-02-02T13:26:24.483Z"}
[32minfo[39m: MongoDB Connected: ac-npbwtry-shard-00-01.vn6ne8w.mongodb.net {"timestamp":"2026-02-02T13:26:25.686Z"}
[32minfo[39m: Database indexes created successfully {"timestamp":"2026-02-02T13:26:26.890Z"}
[32minfo[39m: Connecting to MongoDB host: ****@cluster0.vn6ne8w.mongodb.net {"timestamp":"2026-02-02T13:28:06.169Z"}
[32minfo[39m: MongoDB Connected: ac-npbwtry-shard-00-02.vn6ne8w.mongodb.net {"timestamp":"2026-02-02T13:28:07.389Z"}
[32minfo[39m: Database indexes created successfully {"timestamp":"2026-02-02T13:28:08.940Z"}
[32minfo[39m: Connecting to MongoDB host: ****@cluster0.vn6ne8w.mongodb.net {"timestamp":"2026-02-02T13:32:28.609Z"}
[32minfo[39m: MongoDB Connected: ac-npbwtry-shard-00-01.vn6ne8w.mongodb.net {"timestamp":"2026-02-02T13:32:29.634Z"}
[32minfo[39m: Database indexes created successfully {"timestamp":"2026-02-02T13:32:31.086Z"}
[32minfo[39m: Connecting to MongoDB host: ****@cluster0.vn6ne8w.mongodb.net {"timestamp":"2026-02-20T06:08:49.887Z"}
[32minfo[39m: MongoDB Connected: ac-npbwtry-shard-00-00.vn6ne8w.mongodb.net {"timestamp":"2026-02-20T06:08:50.832Z"}
[31merror[39m: Error creating indexes: Invalid namespace specified: accord_medical/accord_backend.users {"$clusterTime":{"clusterTime":{"$timestamp":"7608825462998958083"},"signature":{"hash":"khQEJcBnxoTU5RPpvLNOiYka3Tg=","keyId":{"high":1762273700,"low":2,"unsigned":false}}},"code":73,"codeName":"InvalidNamespace","errorLabelSet":{},"errorResponse":{"$clusterTime":{"clusterTime":{"$timestamp":"7608825462998958083"},"signature":{"hash":"khQEJcBnxoTU5RPpvLNOiYka3Tg=","keyId":{"high":1762273700,"low":2,"unsigned":false}}},"code":73,"codeName":"InvalidNamespace","errmsg":"Invalid namespace specified: accord_medical/accord_backend.users","ok":0,"operationTime":{"$timestamp":"7608825437229154305"}},"ok":0,"operationTime":{"$timestamp":"7608825437229154305"},"stack":"MongoServerError: Invalid namespace specified: accord_medical/accord_backend.users\n    at Connection.sendCommand (/home/seth/Documents/code/ACCORDBACKEND/project/node_modules/mongodb/lib/cmap/connection.js:305:27)\n    at process.processTicksAndRejections (node:internal/process/task_queues:95:5)\n    at async Connection.command (/home/seth/Documents/code/ACCORDBACKEND/project/node_modules/mongodb/lib/cmap/connection.js:333:26)\n    at async Server.command (/home/seth/Documents/code/ACCORDBACKEND/project/node_modules/mongodb/lib/sdam/server.js:171:29)\n    at async CreateIndexesOperation.executeCommand (/home/seth/Documents/code/ACCORDBACKEND/project/node_modules/mongodb/lib/operations/command.js:76:16)\n    at async CreateIndexesOperation.execute (/home/seth/Documents/code/ACCORDBACKEND/project/node_modules/mongodb/lib/operations/indexes.js:122:9)\n    at async tryOperation (/home/seth/Documents/code/ACCORDBACKEND/project/node_modules/mongodb/lib/operations/execute_operation.js:207:20)\n    at async executeOperation (/home/seth/Documents/code/ACCORDBACKEND/project/node_modules/mongodb/lib/operations/execute_operation.js:75:16)\n    at async Collection.createIndex (/home/seth/Documents/code/ACCORDBACKEND/project/node_modules/mongodb/lib/collection.js:329:25)\n    at async createIndexes (file:///home/seth/Documents/code/ACCORDBACKEND/project/src/config/database.js:49:5)","timestamp":"2026-02-20T06:08:50.939Z"}
